<?xml version="1.0" encoding="UTF-8"?>
<coverage generated="1739504165798" clover="3.2.0">
  <project timestamp="1739504165798" name="All files">
    <metrics statements="8" coveredstatements="8" conditionals="8" coveredconditionals="8" methods="2" coveredmethods="2" elements="18" coveredelements="18" complexity="0" loc="8" ncloc="8" packages="1" files="1" classes="1"/>
    <file name="StringUtils.ts" path="/home/mitchell/programming/toned-chat/frontend/src/main/utils/StringUtils.ts">
      <metrics statements="8" coveredstatements="8" conditionals="8" coveredconditionals="8" methods="2" coveredmethods="2"/>
      <line num="3" count="1" type="stmt"/>
      <line num="4" count="10" type="cond" truecount="4" falsecount="0"/>
      <line num="5" count="2" type="stmt"/>
      <line num="7" count="8" type="stmt"/>
      <line num="10" count="1" type="stmt"/>
      <line num="11" count="10" type="cond" truecount="4" falsecount="0"/>
      <line num="12" count="2" type="stmt"/>
      <line num="15" count="8" type="stmt"/>
    </file>
  </project>
</coverage>
