<?xml version="1.0" encoding="UTF-8"?>
<coverage generated="1739501450504" clover="3.2.0">
  <project timestamp="1739501450504" name="All files">
    <metrics statements="8" coveredstatements="4" conditionals="8" coveredconditionals="3" methods="2" coveredmethods="1" elements="18" coveredelements="8" complexity="0" loc="8" ncloc="8" packages="1" files="1" classes="1"/>
    <file name="StringUtils.ts" path="/home/mitchell/programming/toned-chat/frontend/src/main/utils/StringUtils.ts">
      <metrics statements="8" coveredstatements="4" conditionals="8" coveredconditionals="3" methods="2" coveredmethods="1"/>
      <line num="3" count="1" type="stmt"/>
      <line num="4" count="1" type="cond" truecount="3" falsecount="1"/>
      <line num="5" count="0" type="stmt"/>
      <line num="7" count="1" type="stmt"/>
      <line num="10" count="1" type="stmt"/>
      <line num="11" count="0" type="cond" truecount="0" falsecount="4"/>
      <line num="12" count="0" type="stmt"/>
      <line num="15" count="0" type="stmt"/>
    </file>
  </project>
</coverage>
